{"/home/fahmi/Public/workspace/backend/index.js": {"path":"/home/fahmi/Public/workspace/backend/index.js","statementMap":{"0":{"start":{"line":1,"column":15},"end":{"line":1,"column":40}},"1":{"start":{"line":2,"column":15},"end":{"line":2,"column":32}},"2":{"start":{"line":3,"column":15},"end":{"line":3,"column":32}},"3":{"start":{"line":4,"column":16},"end":{"line":4,"column":34}},"4":{"start":{"line":5,"column":12},"end":{"line":5,"column":21}},"5":{"start":{"line":7,"column":0},"end":{"line":7,"column":18}},"6":{"start":{"line":8,"column":0},"end":{"line":8,"column":50}},"7":{"start":{"line":9,"column":0},"end":{"line":9,"column":42}},"8":{"start":{"line":10,"column":0},"end":{"line":10,"column":27}},"9":{"start":{"line":11,"column":0},"end":{"line":11,"column":32}},"10":{"start":{"line":12,"column":0},"end":{"line":12,"column":33}},"11":{"start":{"line":14,"column":13},"end":{"line":14,"column":37}},"12":{"start":{"line":15,"column":15},"end":{"line":17,"column":2}},"13":{"start":{"line":16,"column":2},"end":{"line":16,"column":46}},"14":{"start":{"line":18,"column":0},"end":{"line":18,"column":24}}},"fnMap":{"0":{"name":"(anonymous_0)","decl":{"start":{"line":15,"column":32},"end":{"line":15,"column":33}},"loc":{"start":{"line":15,"column":38},"end":{"line":17,"column":1}},"line":15}},"branchMap":{"0":{"loc":{"start":{"line":14,"column":13},"end":{"line":14,"column":37}},"type":"binary-expr","locations":[{"start":{"line":14,"column":13},"end":{"line":14,"column":29}},{"start":{"line":14,"column":33},"end":{"line":14,"column":37}}],"line":14}},"s":{"0":1,"1":1,"2":1,"3":1,"4":1,"5":1,"6":1,"7":1,"8":1,"9":1,"10":1,"11":1,"12":1,"13":1,"14":1},"f":{"0":1},"b":{"0":[1,1]},"_coverageSchema":"1a1c01bbd47fc00a2c39e90264f33305004495a9","hash":"984270ecd04c2db8fef2912c19887616a16cf702"}
,"/home/fahmi/Public/workspace/backend/middlewares/auth.js": {"path":"/home/fahmi/Public/workspace/backend/middlewares/auth.js","statementMap":{"0":{"start":{"line":1,"column":12},"end":{"line":1,"column":35}},"1":{"start":{"line":2,"column":15},"end":{"line":2,"column":32}},"2":{"start":{"line":4,"column":0},"end":{"line":15,"column":2}},"3":{"start":{"line":5,"column":16},"end":{"line":5,"column":42}},"4":{"start":{"line":6,"column":2},"end":{"line":6,"column":79}},"5":{"start":{"line":6,"column":14},"end":{"line":6,"column":79}},"6":{"start":{"line":8,"column":2},"end":{"line":14,"column":3}},"7":{"start":{"line":9,"column":27},"end":{"line":9,"column":72}},"8":{"start":{"line":10,"column":4},"end":{"line":10,"column":30}},"9":{"start":{"line":11,"column":4},"end":{"line":11,"column":11}},"10":{"start":{"line":13,"column":4},"end":{"line":13,"column":43}}},"fnMap":{"0":{"name":"(anonymous_0)","decl":{"start":{"line":4,"column":17},"end":{"line":4,"column":18}},"loc":{"start":{"line":4,"column":37},"end":{"line":15,"column":1}},"line":4}},"branchMap":{"0":{"loc":{"start":{"line":6,"column":2},"end":{"line":6,"column":79}},"type":"if","locations":[{"start":{"line":6,"column":2},"end":{"line":6,"column":79}},{"start":{"line":6,"column":2},"end":{"line":6,"column":79}}],"line":6}},"s":{"0":2,"1":2,"2":2,"3":18,"4":18,"5":3,"6":15,"7":15,"8":12,"9":12,"10":3},"f":{"0":18},"b":{"0":[3,15]},"_coverageSchema":"1a1c01bbd47fc00a2c39e90264f33305004495a9","hash":"34bc2d6c3f7dfab24b4c8c93802ec05d5bfbcc41"}
,"/home/fahmi/Public/workspace/backend/models/genres.js": {"path":"/home/fahmi/Public/workspace/backend/models/genres.js","statementMap":{"0":{"start":{"line":1,"column":12},"end":{"line":1,"column":26}},"1":{"start":{"line":2,"column":17},"end":{"line":2,"column":36}},"2":{"start":{"line":4,"column":20},"end":{"line":10,"column":2}},"3":{"start":{"line":12,"column":14},"end":{"line":12,"column":50}},"4":{"start":{"line":15,"column":17},"end":{"line":17,"column":3}},"5":{"start":{"line":19,"column":2},"end":{"line":19,"column":37}},"6":{"start":{"line":22,"column":0},"end":{"line":22,"column":29}},"7":{"start":{"line":23,"column":0},"end":{"line":23,"column":40}}},"fnMap":{"0":{"name":"validateGenre","decl":{"start":{"line":14,"column":9},"end":{"line":14,"column":22}},"loc":{"start":{"line":14,"column":30},"end":{"line":20,"column":1}},"line":14}},"branchMap":{},"s":{"0":1,"1":1,"2":1,"3":1,"4":6,"5":6,"6":1,"7":1},"f":{"0":6},"b":{},"_coverageSchema":"1a1c01bbd47fc00a2c39e90264f33305004495a9","hash":"1eb58912b1abeae404dd55544bdefa6e77bbdefc"}
,"/home/fahmi/Public/workspace/backend/models/users.js": {"path":"/home/fahmi/Public/workspace/backend/models/users.js","statementMap":{"0":{"start":{"line":1,"column":15},"end":{"line":1,"column":32}},"1":{"start":{"line":2,"column":12},"end":{"line":2,"column":35}},"2":{"start":{"line":3,"column":12},"end":{"line":3,"column":26}},"3":{"start":{"line":4,"column":17},"end":{"line":4,"column":36}},"4":{"start":{"line":6,"column":19},"end":{"line":24,"column":2}},"5":{"start":{"line":26,"column":0},"end":{"line":31,"column":2}},"6":{"start":{"line":27,"column":2},"end":{"line":30,"column":4}},"7":{"start":{"line":33,"column":13},"end":{"line":33,"column":47}},"8":{"start":{"line":36,"column":17},"end":{"line":41,"column":3}},"9":{"start":{"line":43,"column":2},"end":{"line":43,"column":36}},"10":{"start":{"line":46,"column":0},"end":{"line":46,"column":20}},"11":{"start":{"line":47,"column":0},"end":{"line":47,"column":32}}},"fnMap":{"0":{"name":"(anonymous_0)","decl":{"start":{"line":26,"column":33},"end":{"line":26,"column":34}},"loc":{"start":{"line":26,"column":51},"end":{"line":31,"column":1}},"line":26},"1":{"name":"validateUser","decl":{"start":{"line":35,"column":9},"end":{"line":35,"column":21}},"loc":{"start":{"line":35,"column":28},"end":{"line":44,"column":1}},"line":35}},"branchMap":{},"s":{"0":3,"1":3,"2":3,"3":3,"4":3,"5":3,"6":13,"7":3,"8":0,"9":0,"10":3,"11":3},"f":{"0":13,"1":0},"b":{},"_coverageSchema":"1a1c01bbd47fc00a2c39e90264f33305004495a9","hash":"a9e6b63279484ef58678b7dfd93df6f7f9a8f9e0"}
,"/home/fahmi/Public/workspace/backend/routes/genres.js": {"path":"/home/fahmi/Public/workspace/backend/routes/genres.js","statementMap":{"0":{"start":{"line":1,"column":43},"end":{"line":1,"column":70}},"1":{"start":{"line":2,"column":13},"end":{"line":2,"column":43}},"2":{"start":{"line":3,"column":14},"end":{"line":3,"column":45}},"3":{"start":{"line":4,"column":25},"end":{"line":4,"column":67}},"4":{"start":{"line":5,"column":24},"end":{"line":5,"column":65}},"5":{"start":{"line":6,"column":16},"end":{"line":6,"column":34}},"6":{"start":{"line":7,"column":15},"end":{"line":7,"column":31}},"7":{"start":{"line":9,"column":0},"end":{"line":12,"column":3}},"8":{"start":{"line":10,"column":17},"end":{"line":10,"column":48}},"9":{"start":{"line":11,"column":2},"end":{"line":11,"column":19}},"10":{"start":{"line":14,"column":0},"end":{"line":23,"column":3}},"11":{"start":{"line":15,"column":20},"end":{"line":15,"column":43}},"12":{"start":{"line":16,"column":2},"end":{"line":16,"column":67}},"13":{"start":{"line":16,"column":13},"end":{"line":16,"column":67}},"14":{"start":{"line":18,"column":14},"end":{"line":20,"column":4}},"15":{"start":{"line":21,"column":2},"end":{"line":21,"column":21}},"16":{"start":{"line":22,"column":2},"end":{"line":22,"column":18}},"17":{"start":{"line":25,"column":0},"end":{"line":44,"column":3}},"18":{"start":{"line":26,"column":20},"end":{"line":26,"column":43}},"19":{"start":{"line":27,"column":2},"end":{"line":27,"column":67}},"20":{"start":{"line":27,"column":13},"end":{"line":27,"column":67}},"21":{"start":{"line":28,"column":16},"end":{"line":39,"column":3}},"22":{"start":{"line":40,"column":2},"end":{"line":41,"column":78}},"23":{"start":{"line":41,"column":4},"end":{"line":41,"column":78}},"24":{"start":{"line":43,"column":2},"end":{"line":43,"column":18}},"25":{"start":{"line":46,"column":0},"end":{"line":55,"column":3}},"26":{"start":{"line":47,"column":16},"end":{"line":50,"column":3}},"27":{"start":{"line":51,"column":2},"end":{"line":52,"column":78}},"28":{"start":{"line":52,"column":4},"end":{"line":52,"column":78}},"29":{"start":{"line":54,"column":2},"end":{"line":54,"column":18}},"30":{"start":{"line":57,"column":0},"end":{"line":62,"column":3}},"31":{"start":{"line":58,"column":16},"end":{"line":58,"column":51}},"32":{"start":{"line":59,"column":2},"end":{"line":60,"column":78}},"33":{"start":{"line":60,"column":4},"end":{"line":60,"column":78}},"34":{"start":{"line":61,"column":2},"end":{"line":61,"column":18}},"35":{"start":{"line":74,"column":0},"end":{"line":74,"column":24}}},"fnMap":{"0":{"name":"(anonymous_0)","decl":{"start":{"line":9,"column":16},"end":{"line":9,"column":17}},"loc":{"start":{"line":9,"column":36},"end":{"line":12,"column":1}},"line":9},"1":{"name":"(anonymous_1)","decl":{"start":{"line":14,"column":23},"end":{"line":14,"column":24}},"loc":{"start":{"line":14,"column":43},"end":{"line":23,"column":1}},"line":14},"2":{"name":"(anonymous_2)","decl":{"start":{"line":25,"column":45},"end":{"line":25,"column":46}},"loc":{"start":{"line":25,"column":65},"end":{"line":44,"column":1}},"line":25},"3":{"name":"(anonymous_3)","decl":{"start":{"line":46,"column":55},"end":{"line":46,"column":56}},"loc":{"start":{"line":46,"column":75},"end":{"line":55,"column":1}},"line":46},"4":{"name":"(anonymous_4)","decl":{"start":{"line":57,"column":37},"end":{"line":57,"column":38}},"loc":{"start":{"line":57,"column":57},"end":{"line":62,"column":1}},"line":57}},"branchMap":{"0":{"loc":{"start":{"line":16,"column":2},"end":{"line":16,"column":67}},"type":"if","locations":[{"start":{"line":16,"column":2},"end":{"line":16,"column":67}},{"start":{"line":16,"column":2},"end":{"line":16,"column":67}}],"line":16},"1":{"loc":{"start":{"line":27,"column":2},"end":{"line":27,"column":67}},"type":"if","locations":[{"start":{"line":27,"column":2},"end":{"line":27,"column":67}},{"start":{"line":27,"column":2},"end":{"line":27,"column":67}}],"line":27},"2":{"loc":{"start":{"line":40,"column":2},"end":{"line":41,"column":78}},"type":"if","locations":[{"start":{"line":40,"column":2},"end":{"line":41,"column":78}},{"start":{"line":40,"column":2},"end":{"line":41,"column":78}}],"line":40},"3":{"loc":{"start":{"line":51,"column":2},"end":{"line":52,"column":78}},"type":"if","locations":[{"start":{"line":51,"column":2},"end":{"line":52,"column":78}},{"start":{"line":51,"column":2},"end":{"line":52,"column":78}}],"line":51},"4":{"loc":{"start":{"line":59,"column":2},"end":{"line":60,"column":78}},"type":"if","locations":[{"start":{"line":59,"column":2},"end":{"line":60,"column":78}},{"start":{"line":59,"column":2},"end":{"line":60,"column":78}}],"line":59}},"s":{"0":1,"1":1,"2":1,"3":1,"4":1,"5":1,"6":1,"7":1,"8":1,"9":1,"10":1,"11":3,"12":3,"13":1,"14":2,"15":2,"16":2,"17":1,"18":3,"19":3,"20":1,"21":2,"22":2,"23":1,"24":1,"25":1,"26":2,"27":2,"28":1,"29":1,"30":1,"31":2,"32":2,"33":1,"34":1,"35":1},"f":{"0":1,"1":3,"2":3,"3":2,"4":2},"b":{"0":[1,2],"1":[1,2],"2":[1,1],"3":[1,1],"4":[1,1]},"_coverageSchema":"1a1c01bbd47fc00a2c39e90264f33305004495a9","hash":"d0b42b87dfc6a90d539922f2af47070ec0896254"}
,"/home/fahmi/Public/workspace/backend/utils/logger.js": {"path":"/home/fahmi/Public/workspace/backend/utils/logger.js","statementMap":{"0":{"start":{"line":1,"column":16},"end":{"line":1,"column":34}},"1":{"start":{"line":3,"column":13},"end":{"line":29,"column":2}},"2":{"start":{"line":31,"column":0},"end":{"line":31,"column":24}},"3":{"start":{"line":32,"column":0},"end":{"line":36,"column":2}},"4":{"start":{"line":34,"column":4},"end":{"line":34,"column":25}}},"fnMap":{"0":{"name":"(anonymous_0)","decl":{"start":{"line":33,"column":9},"end":{"line":33,"column":10}},"loc":{"start":{"line":33,"column":38},"end":{"line":35,"column":3}},"line":33}},"branchMap":{},"s":{"0":1,"1":1,"2":1,"3":1,"4":21},"f":{"0":21},"b":{},"_coverageSchema":"1a1c01bbd47fc00a2c39e90264f33305004495a9","hash":"8b92c5ac5c469061dc4ada27bc19e07ab6dd82eb"}
}
