TN:
SF:index.js
FN:15,(anonymous_0)
FNF:1
FNH:1
FNDA:1,(anonymous_0)
DA:1,1
DA:2,1
DA:3,1
DA:4,1
DA:5,1
DA:7,1
DA:8,1
DA:9,1
DA:10,1
DA:11,1
DA:12,1
DA:14,1
DA:15,1
DA:16,1
DA:18,1
LF:15
LH:15
BRDA:14,0,0,1
BRDA:14,0,1,1
BRF:2
BRH:2
end_of_record
TN:
SF:middlewares/auth.js
FN:4,(anonymous_0)
FNF:1
FNH:1
FNDA:18,(anonymous_0)
DA:1,2
DA:2,2
DA:4,2
DA:5,18
DA:6,18
DA:8,15
DA:9,15
DA:10,12
DA:11,12
DA:13,3
LF:10
LH:10
BRDA:6,0,0,3
BRDA:6,0,1,15
BRF:2
BRH:2
end_of_record
TN:
SF:models/genres.js
FN:14,validateGenre
FNF:1
FNH:1
FNDA:6,validateGenre
DA:1,1
DA:2,1
DA:4,1
DA:12,1
DA:15,6
DA:19,6
DA:22,1
DA:23,1
LF:8
LH:8
BRF:0
BRH:0
end_of_record
TN:
SF:models/users.js
FN:26,(anonymous_0)
FN:35,validateUser
FNF:2
FNH:1
FNDA:13,(anonymous_0)
FNDA:0,validateUser
DA:1,3
DA:2,3
DA:3,3
DA:4,3
DA:6,3
DA:26,3
DA:27,13
DA:33,3
DA:36,0
DA:43,0
DA:46,3
DA:47,3
LF:12
LH:10
BRF:0
BRH:0
end_of_record
TN:
SF:routes/genres.js
FN:9,(anonymous_0)
FN:14,(anonymous_1)
FN:25,(anonymous_2)
FN:46,(anonymous_3)
FN:57,(anonymous_4)
FNF:5
FNH:5
FNDA:1,(anonymous_0)
FNDA:3,(anonymous_1)
FNDA:3,(anonymous_2)
FNDA:2,(anonymous_3)
FNDA:2,(anonymous_4)
DA:1,1
DA:2,1
DA:3,1
DA:4,1
DA:5,1
DA:6,1
DA:7,1
DA:9,1
DA:10,1
DA:11,1
DA:14,1
DA:15,3
DA:16,3
DA:18,2
DA:21,2
DA:22,2
DA:25,1
DA:26,3
DA:27,3
DA:28,2
DA:40,2
DA:41,1
DA:43,1
DA:46,1
DA:47,2
DA:51,2
DA:52,1
DA:54,1
DA:57,1
DA:58,2
DA:59,2
DA:60,1
DA:61,1
DA:74,1
LF:34
LH:34
BRDA:16,0,0,1
BRDA:16,0,1,2
BRDA:27,1,0,1
BRDA:27,1,1,2
BRDA:40,2,0,1
BRDA:40,2,1,1
BRDA:51,3,0,1
BRDA:51,3,1,1
BRDA:59,4,0,1
BRDA:59,4,1,1
BRF:10
BRH:10
end_of_record
TN:
SF:utils/logger.js
FN:33,(anonymous_0)
FNF:1
FNH:1
FNDA:21,(anonymous_0)
DA:1,1
DA:3,1
DA:31,1
DA:32,1
DA:34,21
LF:5
LH:5
BRF:0
BRH:0
end_of_record
